Using pre-set license
Built from '2021.3/staging' branch; Version is '2021.3.25f1 (68ef2c4f8861) revision 6876972'; Using compiler version '192829333'; Build Type 'Release'
OS: 'Windows 11  (10.0.22621) 64bit CoreSingleLanguage' Language: 'en' Physical Memory: 16167 MB
BatchMode: 1, IsHumanControllingUs: 0, StartBugReporterOnCrash: 0, Is64bit: 1, IsPro: 1

COMMAND LINE ARGUMENTS:
C:\Program Files\Unity\Hub\Editor\2021.3.25f1\Editor\Unity.exe
-adb2
-batchMode
-noUpm
-name
AssetImportWorker0
-projectPath
D:/Unity Projects/SolarSystemAR
-logFile
Logs/AssetImportWorker0.log
-srvPort
54417
Successfully changed project path to: D:/Unity Projects/SolarSystemAR
D:/Unity Projects/SolarSystemAR
[UnityMemory] Configuration Parameters - Can be set up in boot.config
    "memorysetup-bucket-allocator-granularity=16"
    "memorysetup-bucket-allocator-bucket-count=8"
    "memorysetup-bucket-allocator-block-size=33554432"
    "memorysetup-bucket-allocator-block-count=8"
    "memorysetup-main-allocator-block-size=16777216"
    "memorysetup-thread-allocator-block-size=16777216"
    "memorysetup-gfx-main-allocator-block-size=16777216"
    "memorysetup-gfx-thread-allocator-block-size=16777216"
    "memorysetup-cache-allocator-block-size=4194304"
    "memorysetup-typetree-allocator-block-size=2097152"
    "memorysetup-profiler-bucket-allocator-granularity=16"
    "memorysetup-profiler-bucket-allocator-bucket-count=8"
    "memorysetup-profiler-bucket-allocator-block-size=33554432"
    "memorysetup-profiler-bucket-allocator-block-count=8"
    "memorysetup-profiler-allocator-block-size=16777216"
    "memorysetup-profiler-editor-allocator-block-size=1048576"
    "memorysetup-temp-allocator-size-main=16777216"
    "memorysetup-job-temp-allocator-block-size=2097152"
    "memorysetup-job-temp-allocator-block-size-background=1048576"
    "memorysetup-job-temp-allocator-reduction-small-platforms=262144"
    "memorysetup-temp-allocator-size-background-worker=32768"
    "memorysetup-temp-allocator-size-job-worker=262144"
    "memorysetup-temp-allocator-size-preload-manager=33554432"
    "memorysetup-temp-allocator-size-nav-mesh-worker=65536"
    "memorysetup-temp-allocator-size-audio-worker=65536"
    "memorysetup-temp-allocator-size-cloud-worker=32768"
    "memorysetup-temp-allocator-size-gi-baking-worker=262144"
    "memorysetup-temp-allocator-size-gfx=262144"
Player connection [26708] Host "[IP] 192.168.1.10 [Port] 0 [Flags] 2 [Guid] 2000956356 [EditorId] 2000956356 [Version] 1048832 [Id] WindowsEditor(7,Shitij-IdeaPad) [Debug] 1 [PackageName] WindowsEditor [ProjectName] Editor" joined multi-casting on [225.0.0.222:54997]...

Player connection [26708] Host "[IP] 192.168.1.10 [Port] 0 [Flags] 2 [Guid] 2000956356 [EditorId] 2000956356 [Version] 1048832 [Id] WindowsEditor(7,Shitij-IdeaPad) [Debug] 1 [PackageName] WindowsEditor [ProjectName] Editor" joined alternative multi-casting on [225.0.0.222:34997]...

Refreshing native plugins compatible for Editor in 111.23 ms, found 6 plugins.
Preloading 2 native plugins for Editor in 7.51 ms.
Initialize engine version: 2021.3.25f1 (68ef2c4f8861)
[Subsystems] Discovering subsystems at path C:/Program Files/Unity/Hub/Editor/2021.3.25f1/Editor/Data/Resources/UnitySubsystems
[Subsystems] Discovering subsystems at path D:/Unity Projects/SolarSystemAR/Assets
GfxDevice: creating device client; threaded=0; jobified=0
Direct3D:
    Version:  Direct3D 11.0 [level 11.1]
    Renderer: Intel(R) Iris(R) Xe Graphics (ID=0x9a49)
    Vendor:   Intel
    VRAM:     8083 MB
    Driver:   30.0.100.9864
Initialize mono
Mono path[0] = 'C:/Program Files/Unity/Hub/Editor/2021.3.25f1/Editor/Data/Managed'
Mono path[1] = 'C:/Program Files/Unity/Hub/Editor/2021.3.25f1/Editor/Data/MonoBleedingEdge/lib/mono/unityjit-win32'
Mono config path = 'C:/Program Files/Unity/Hub/Editor/2021.3.25f1/Editor/Data/MonoBleedingEdge/etc'
Using monoOptions --debugger-agent=transport=dt_socket,embedding=1,server=y,suspend=n,address=127.0.0.1:56964
Begin MonoManager ReloadAssembly
Registering precompiled unity dll's ...
Register platform support module: C:/Program Files/Unity/Hub/Editor/2021.3.25f1/Editor/Data/PlaybackEngines/WebGLSupport/UnityEditor.WebGL.Extensions.dll
Register platform support module: C:/Program Files/Unity/Hub/Editor/2021.3.25f1/Editor/Data/PlaybackEngines/AndroidPlayer/UnityEditor.Android.Extensions.dll
Register platform support module: C:/Program Files/Unity/Hub/Editor/2021.3.25f1/Editor/Data/PlaybackEngines/WindowsStandaloneSupport/UnityEditor.WindowsStandalone.Extensions.dll
Registered in 0.011514 seconds.
Native extension for WindowsStandalone target not found
Native extension for Android target not found
Android Extension - Scanning For ADB Devices 519 ms
Native extension for WebGL target not found
Refreshing native plugins compatible for Editor in 102.19 ms, found 6 plugins.
Preloading 2 native plugins for Editor in 0.09 ms.
Mono: successfully reloaded assembly
- Completed reload, in  1.569 seconds
Domain Reload Profiling:
	ReloadAssembly (1570ms)
		BeginReloadAssembly (149ms)
			ExecutionOrderSort (0ms)
			DisableScriptedObjects (0ms)
			BackupInstance (0ms)
			ReleaseScriptingObjects (0ms)
			CreateAndSetChildDomain (1ms)
		EndReloadAssembly (1269ms)
			LoadAssemblies (146ms)
			RebuildTransferFunctionScriptingTraits (0ms)
			SetupTypeCache (165ms)
			ReleaseScriptCaches (0ms)
			RebuildScriptCaches (43ms)
			SetupLoadedEditorAssemblies (981ms)
				LogAssemblyErrors (0ms)
				InitializePlatformSupportModulesInManaged (659ms)
				SetLoadedEditorAssemblies (0ms)
				RefreshPlugins (102ms)
				BeforeProcessingInitializeOnLoad (2ms)
				ProcessInitializeOnLoadAttributes (147ms)
				ProcessInitializeOnLoadMethodAttributes (70ms)
				AfterProcessingInitializeOnLoad (0ms)
				EditorAssembliesLoaded (0ms)
			ExecutionOrderSort2 (0ms)
			AwakeInstancesAfterBackupRestoration (0ms)
Platform modules already initialized, skipping
Registering precompiled user dll's ...
Registered in 0.011786 seconds.
Begin MonoManager ReloadAssembly
Symbol file LoadedFromMemory doesn't match image D:\Unity Projects\SolarSystemAR\Library\PackageCache\com.unity.visualscripting@1.8.0\Editor\VisualScripting.Core\Dependencies\YamlDotNet\Unity.VisualScripting.YamlDotNet.dll
Symbol file LoadedFromMemory doesn't match image D:\Unity Projects\SolarSystemAR\Library\PackageCache\com.unity.visualscripting@1.8.0\Editor\VisualScripting.Core\Dependencies\DotNetZip\Unity.VisualScripting.IonicZip.dll
Native extension for WindowsStandalone target not found
Native extension for Android target not found
Native extension for WebGL target not found
Refreshing native plugins compatible for Editor in 2.46 ms, found 6 plugins.
Preloading 2 native plugins for Editor in 0.14 ms.
Mono: successfully reloaded assembly
- Completed reload, in  2.155 seconds
Domain Reload Profiling:
	ReloadAssembly (2156ms)
		BeginReloadAssembly (254ms)
			ExecutionOrderSort (0ms)
			DisableScriptedObjects (14ms)
			BackupInstance (0ms)
			ReleaseScriptingObjects (0ms)
			CreateAndSetChildDomain (47ms)
		EndReloadAssembly (1696ms)
			LoadAssemblies (223ms)
			RebuildTransferFunctionScriptingTraits (0ms)
			SetupTypeCache (573ms)
			ReleaseScriptCaches (3ms)
			RebuildScriptCaches (125ms)
			SetupLoadedEditorAssemblies (711ms)
				LogAssemblyErrors (0ms)
				InitializePlatformSupportModulesInManaged (61ms)
				SetLoadedEditorAssemblies (1ms)
				RefreshPlugins (3ms)
				BeforeProcessingInitializeOnLoad (130ms)
				ProcessInitializeOnLoadAttributes (459ms)
				ProcessInitializeOnLoadMethodAttributes (46ms)
				AfterProcessingInitializeOnLoad (10ms)
				EditorAssembliesLoaded (0ms)
			ExecutionOrderSort2 (0ms)
			AwakeInstancesAfterBackupRestoration (12ms)
Platform modules already initialized, skipping
========================================================================
Worker process is ready to serve import requests
Launched and connected shader compiler UnityShaderCompiler.exe after 0.12 seconds
Refreshing native plugins compatible for Editor in 1.70 ms, found 6 plugins.
Preloading 2 native plugins for Editor in 0.07 ms.
Unloading 3266 Unused Serialized files (Serialized files now loaded: 0)
Unloading 48 unused Assets / (352.1 KB). Loaded Objects now: 4034.
Memory consumption went from 128.4 MB to 128.0 MB.
Total: 7.119400 ms (FindLiveObjects: 0.925600 ms CreateObjectMapping: 0.316700 ms MarkObjects: 5.497900 ms  DeleteObjects: 0.375300 ms)

AssetImportParameters requested are different than current active one (requested -> active):
  custom:video-decoder-ogg-theora: a1e56fd34408186e4bbccfd4996cb3dc -> 
  custom:container-muxer-webm: aa71ff27fc2769a1b78a27578f13a17b -> 
  custom:container-demuxer-webm: 4f35f7cbe854078d1ac9338744f61a02 -> 
  custom:video-encoder-webm-vp8: eb34c28f22e8b96e1ab97ce403110664 -> 
  custom:video-codec-MediaFoundation-h265: 746d11721c4dcdbdad8f713fa42b33f4 -> 
  custom:audio-encoder-webm-vorbis: bf7c407c2cedff20999df2af8eb42d56 -> 
  custom:framework-win-MediaFoundation: 216162199b28c13a410421893ffa2e32 -> 
  custom:container-demuxer-ogg: 62fdf1f143b41e24485cea50d1cbac27 -> 
  custom:video-decoder-webm-vp8: 9c59270c3fd7afecdb556c50c9e8de78 -> 
  custom:audio-decoder-ogg-vorbis: bf7c407c2cedff20999df2af8eb42d56 -> 
========================================================================
Received Import Request.
  Time since last request: 1792909.920214 seconds.
  path: Assets/Solar System Level/Scenes/McqScene.unity
  artifactKey: Guid(575367f0103affc418c372ddcbe8d19d) Importer(815301076,1909f56bfc062723c751e8b465ee728b)
Start importing Assets/Solar System Level/Scenes/McqScene.unity using Guid(575367f0103affc418c372ddcbe8d19d) Importer(815301076,1909f56bfc062723c751e8b465ee728b)  -> (artifact id: '158bfe89631e5464f895818b6fd672f5') in 0.029554 seconds 
========================================================================
Received Import Request.
  Time since last request: 19.887032 seconds.
  path: Assets/Solar System Level/Scripts/NewBehaviourScript.cs
  artifactKey: Guid(16e678345b2624f4399436c39f282bd1) Importer(815301076,1909f56bfc062723c751e8b465ee728b)
Start importing Assets/Solar System Level/Scripts/NewBehaviourScript.cs using Guid(16e678345b2624f4399436c39f282bd1) Importer(815301076,1909f56bfc062723c751e8b465ee728b)  -> (artifact id: 'e0b8e3639b326b3d6fe5c80db7b92eb3') in 0.078865 seconds 
========================================================================
Received Prepare
Registering precompiled user dll's ...
Registered in 0.005065 seconds.
Begin MonoManager ReloadAssembly
Symbol file LoadedFromMemory doesn't match image D:\Unity Projects\SolarSystemAR\Library\PackageCache\com.unity.visualscripting@1.8.0\Editor\VisualScripting.Core\Dependencies\YamlDotNet\Unity.VisualScripting.YamlDotNet.dll
Symbol file LoadedFromMemory doesn't match image D:\Unity Projects\SolarSystemAR\Library\PackageCache\com.unity.visualscripting@1.8.0\Editor\VisualScripting.Core\Dependencies\DotNetZip\Unity.VisualScripting.IonicZip.dll
Native extension for WindowsStandalone target not found
Native extension for Android target not found
Native extension for WebGL target not found
Refreshing native plugins compatible for Editor in 1.61 ms, found 6 plugins.
Preloading 2 native plugins for Editor in 0.23 ms.
Mono: successfully reloaded assembly
- Completed reload, in  1.625 seconds
Domain Reload Profiling:
	ReloadAssembly (1626ms)
		BeginReloadAssembly (153ms)
			ExecutionOrderSort (0ms)
			DisableScriptedObjects (4ms)
			BackupInstance (0ms)
			ReleaseScriptingObjects (0ms)
			CreateAndSetChildDomain (37ms)
		EndReloadAssembly (1360ms)
			LoadAssemblies (112ms)
			RebuildTransferFunctionScriptingTraits (0ms)
			SetupTypeCache (443ms)
			ReleaseScriptCaches (3ms)
			RebuildScriptCaches (93ms)
			SetupLoadedEditorAssemblies (599ms)
				LogAssemblyErrors (0ms)
				InitializePlatformSupportModulesInManaged (47ms)
				SetLoadedEditorAssemblies (1ms)
				RefreshPlugins (2ms)
				BeforeProcessingInitializeOnLoad (97ms)
				ProcessInitializeOnLoadAttributes (394ms)
				ProcessInitializeOnLoadMethodAttributes (45ms)
				AfterProcessingInitializeOnLoad (12ms)
				EditorAssembliesLoaded (0ms)
			ExecutionOrderSort2 (0ms)
			AwakeInstancesAfterBackupRestoration (11ms)
Platform modules already initialized, skipping
Refreshing native plugins compatible for Editor in 7.72 ms, found 6 plugins.
Preloading 2 native plugins for Editor in 0.09 ms.
Unloading 3214 Unused Serialized files (Serialized files now loaded: 0)
Unloading 41 unused Assets / (90.8 KB). Loaded Objects now: 4038.
Memory consumption went from 122.8 MB to 122.7 MB.
Total: 6.676600 ms (FindLiveObjects: 0.817200 ms CreateObjectMapping: 0.685400 ms MarkObjects: 4.884100 ms  DeleteObjects: 0.285800 ms)

AssetImportParameters requested are different than current active one (requested -> active):
  custom:video-decoder-ogg-theora: a1e56fd34408186e4bbccfd4996cb3dc -> 
  custom:container-muxer-webm: aa71ff27fc2769a1b78a27578f13a17b -> 
  custom:container-demuxer-webm: 4f35f7cbe854078d1ac9338744f61a02 -> 
  custom:video-encoder-webm-vp8: eb34c28f22e8b96e1ab97ce403110664 -> 
  custom:video-codec-MediaFoundation-h265: 746d11721c4dcdbdad8f713fa42b33f4 -> 
  custom:audio-encoder-webm-vorbis: bf7c407c2cedff20999df2af8eb42d56 -> 
  custom:framework-win-MediaFoundation: 216162199b28c13a410421893ffa2e32 -> 
  custom:container-demuxer-ogg: 62fdf1f143b41e24485cea50d1cbac27 -> 
  custom:video-decoder-webm-vp8: 9c59270c3fd7afecdb556c50c9e8de78 -> 
  custom:audio-decoder-ogg-vorbis: bf7c407c2cedff20999df2af8eb42d56 -> 
========================================================================
Received Import Request.
  Time since last request: 12.869098 seconds.
  path: Assets/Solar System Level/Scripts/FixCamControl.cs
  artifactKey: Guid(16e678345b2624f4399436c39f282bd1) Importer(815301076,1909f56bfc062723c751e8b465ee728b)
Start importing Assets/Solar System Level/Scripts/FixCamControl.cs using Guid(16e678345b2624f4399436c39f282bd1) Importer(815301076,1909f56bfc062723c751e8b465ee728b)  -> (artifact id: '885f1212ddc141c4c26c35df989e35af') in 0.017752 seconds 
========================================================================
Received Prepare
Registering precompiled user dll's ...
Registered in 0.009470 seconds.
Begin MonoManager ReloadAssembly
Symbol file LoadedFromMemory doesn't match image D:\Unity Projects\SolarSystemAR\Library\PackageCache\com.unity.visualscripting@1.8.0\Editor\VisualScripting.Core\Dependencies\YamlDotNet\Unity.VisualScripting.YamlDotNet.dll
Symbol file LoadedFromMemory doesn't match image D:\Unity Projects\SolarSystemAR\Library\PackageCache\com.unity.visualscripting@1.8.0\Editor\VisualScripting.Core\Dependencies\DotNetZip\Unity.VisualScripting.IonicZip.dll
Native extension for WindowsStandalone target not found
Native extension for Android target not found
Native extension for WebGL target not found
Refreshing native plugins compatible for Editor in 0.55 ms, found 6 plugins.
Preloading 2 native plugins for Editor in 0.05 ms.
Mono: successfully reloaded assembly
- Completed reload, in  1.171 seconds
Domain Reload Profiling:
	ReloadAssembly (1172ms)
		BeginReloadAssembly (186ms)
			ExecutionOrderSort (0ms)
			DisableScriptedObjects (4ms)
			BackupInstance (0ms)
			ReleaseScriptingObjects (0ms)
			CreateAndSetChildDomain (62ms)
		EndReloadAssembly (850ms)
			LoadAssemblies (114ms)
			RebuildTransferFunctionScriptingTraits (0ms)
			SetupTypeCache (325ms)
			ReleaseScriptCaches (1ms)
			RebuildScriptCaches (49ms)
			SetupLoadedEditorAssemblies (327ms)
				LogAssemblyErrors (0ms)
				InitializePlatformSupportModulesInManaged (27ms)
				SetLoadedEditorAssemblies (0ms)
				RefreshPlugins (1ms)
				BeforeProcessingInitializeOnLoad (63ms)
				ProcessInitializeOnLoadAttributes (210ms)
				ProcessInitializeOnLoadMethodAttributes (20ms)
				AfterProcessingInitializeOnLoad (7ms)
				EditorAssembliesLoaded (0ms)
			ExecutionOrderSort2 (0ms)
			AwakeInstancesAfterBackupRestoration (5ms)
Platform modules already initialized, skipping
Refreshing native plugins compatible for Editor in 4.22 ms, found 6 plugins.
Preloading 2 native plugins for Editor in 0.05 ms.
Unloading 3214 Unused Serialized files (Serialized files now loaded: 0)
Unloading 41 unused Assets / (90.8 KB). Loaded Objects now: 4041.
Memory consumption went from 122.8 MB to 122.8 MB.
Total: 2.763400 ms (FindLiveObjects: 0.247900 ms CreateObjectMapping: 0.109900 ms MarkObjects: 2.306900 ms  DeleteObjects: 0.097600 ms)

AssetImportParameters requested are different than current active one (requested -> active):
  custom:video-decoder-ogg-theora: a1e56fd34408186e4bbccfd4996cb3dc -> 
  custom:container-muxer-webm: aa71ff27fc2769a1b78a27578f13a17b -> 
  custom:container-demuxer-webm: 4f35f7cbe854078d1ac9338744f61a02 -> 
  custom:video-encoder-webm-vp8: eb34c28f22e8b96e1ab97ce403110664 -> 
  custom:video-codec-MediaFoundation-h265: 746d11721c4dcdbdad8f713fa42b33f4 -> 
  custom:audio-encoder-webm-vorbis: bf7c407c2cedff20999df2af8eb42d56 -> 
  custom:framework-win-MediaFoundation: 216162199b28c13a410421893ffa2e32 -> 
  custom:container-demuxer-ogg: 62fdf1f143b41e24485cea50d1cbac27 -> 
  custom:video-decoder-webm-vp8: 9c59270c3fd7afecdb556c50c9e8de78 -> 
  custom:audio-decoder-ogg-vorbis: bf7c407c2cedff20999df2af8eb42d56 -> 
========================================================================
Received Import Request.
  Time since last request: 7.902999 seconds.
  path: Assets/Solar System Level/Scripts/FixCamControl.cs
  artifactKey: Guid(16e678345b2624f4399436c39f282bd1) Importer(815301076,1909f56bfc062723c751e8b465ee728b)
Start importing Assets/Solar System Level/Scripts/FixCamControl.cs using Guid(16e678345b2624f4399436c39f282bd1) Importer(815301076,1909f56bfc062723c751e8b465ee728b)  -> (artifact id: '00000000000000000000000000000000') in 0.001136 seconds  code(4) message(Build asset version error: assets/solar system level/scripts/fixcamcontrol.cs in SourceAssetDB has modification time of '2023-07-06T12:15:02.0320973Z' while content on disk has modification time of '2023-07-06T12:15:20.7037905Z')
  ERROR: Build asset version error: assets/solar system level/scripts/fixcamcontrol.cs in SourceAssetDB has modification time of '2023-07-06T12:15:02.0320973Z' while content on disk has modification time of '2023-07-06T12:15:20.7037905Z'
========================================================================
Received Prepare
Registering precompiled user dll's ...
Registered in 0.009213 seconds.
Begin MonoManager ReloadAssembly
Symbol file LoadedFromMemory doesn't match image D:\Unity Projects\SolarSystemAR\Library\PackageCache\com.unity.visualscripting@1.8.0\Editor\VisualScripting.Core\Dependencies\YamlDotNet\Unity.VisualScripting.YamlDotNet.dll
Symbol file LoadedFromMemory doesn't match image D:\Unity Projects\SolarSystemAR\Library\PackageCache\com.unity.visualscripting@1.8.0\Editor\VisualScripting.Core\Dependencies\DotNetZip\Unity.VisualScripting.IonicZip.dll
Native extension for WindowsStandalone target not found
Native extension for Android target not found
Native extension for WebGL target not found
Refreshing native plugins compatible for Editor in 1.23 ms, found 6 plugins.
Preloading 2 native plugins for Editor in 0.09 ms.
Mono: successfully reloaded assembly
- Completed reload, in  1.891 seconds
Domain Reload Profiling:
	ReloadAssembly (1892ms)
		BeginReloadAssembly (261ms)
			ExecutionOrderSort (0ms)
			DisableScriptedObjects (8ms)
			BackupInstance (0ms)
			ReleaseScriptingObjects (0ms)
			CreateAndSetChildDomain (70ms)
		EndReloadAssembly (1464ms)
			LoadAssemblies (226ms)
			RebuildTransferFunctionScriptingTraits (0ms)
			SetupTypeCache (527ms)
			ReleaseScriptCaches (3ms)
			RebuildScriptCaches (77ms)
			SetupLoadedEditorAssemblies (582ms)
				LogAssemblyErrors (0ms)
				InitializePlatformSupportModulesInManaged (50ms)
				SetLoadedEditorAssemblies (1ms)
				RefreshPlugins (1ms)
				BeforeProcessingInitializeOnLoad (102ms)
				ProcessInitializeOnLoadAttributes (374ms)
				ProcessInitializeOnLoadMethodAttributes (40ms)
				AfterProcessingInitializeOnLoad (14ms)
				EditorAssembliesLoaded (0ms)
			ExecutionOrderSort2 (0ms)
			AwakeInstancesAfterBackupRestoration (10ms)
Platform modules already initialized, skipping
Refreshing native plugins compatible for Editor in 7.64 ms, found 6 plugins.
Preloading 2 native plugins for Editor in 0.19 ms.
Unloading 3214 Unused Serialized files (Serialized files now loaded: 0)
Unloading 41 unused Assets / (90.8 KB). Loaded Objects now: 4044.
Memory consumption went from 122.9 MB to 122.8 MB.
Total: 6.285000 ms (FindLiveObjects: 0.522500 ms CreateObjectMapping: 0.554000 ms MarkObjects: 4.928200 ms  DeleteObjects: 0.276900 ms)

AssetImportParameters requested are different than current active one (requested -> active):
  custom:video-decoder-ogg-theora: a1e56fd34408186e4bbccfd4996cb3dc -> 
  custom:container-muxer-webm: aa71ff27fc2769a1b78a27578f13a17b -> 
  custom:container-demuxer-webm: 4f35f7cbe854078d1ac9338744f61a02 -> 
  custom:video-encoder-webm-vp8: eb34c28f22e8b96e1ab97ce403110664 -> 
  custom:video-codec-MediaFoundation-h265: 746d11721c4dcdbdad8f713fa42b33f4 -> 
  custom:audio-encoder-webm-vorbis: bf7c407c2cedff20999df2af8eb42d56 -> 
  custom:framework-win-MediaFoundation: 216162199b28c13a410421893ffa2e32 -> 
  custom:container-demuxer-ogg: 62fdf1f143b41e24485cea50d1cbac27 -> 
  custom:video-decoder-webm-vp8: 9c59270c3fd7afecdb556c50c9e8de78 -> 
  custom:audio-decoder-ogg-vorbis: bf7c407c2cedff20999df2af8eb42d56 -> 
========================================================================
Received Import Request.
  Time since last request: 230.642714 seconds.
  path: Assets/Solar System Level/Scenes/McqScene.unity
  artifactKey: Guid(575367f0103affc418c372ddcbe8d19d) Importer(815301076,1909f56bfc062723c751e8b465ee728b)
Start importing Assets/Solar System Level/Scenes/McqScene.unity using Guid(575367f0103affc418c372ddcbe8d19d) Importer(815301076,1909f56bfc062723c751e8b465ee728b)  -> (artifact id: 'b78041b7ac9103ea8d487e6802b04da2') in 0.014018 seconds 
========================================================================
Received Import Request.
  Time since last request: 86.057480 seconds.
  path: Assets/Solar System Level/Scenes/McqScene.unity
  artifactKey: Guid(575367f0103affc418c372ddcbe8d19d) Importer(815301076,1909f56bfc062723c751e8b465ee728b)
Start importing Assets/Solar System Level/Scenes/McqScene.unity using Guid(575367f0103affc418c372ddcbe8d19d) Importer(815301076,1909f56bfc062723c751e8b465ee728b)  -> (artifact id: '69331153e854ec16b5ad396331ff7f0c') in 0.003466 seconds 
========================================================================
Received Import Request.
  Time since last request: 72.801297 seconds.
  path: Assets/Solar System Level/Scenes/McqScene.unity
  artifactKey: Guid(575367f0103affc418c372ddcbe8d19d) Importer(815301076,1909f56bfc062723c751e8b465ee728b)
Start importing Assets/Solar System Level/Scenes/McqScene.unity using Guid(575367f0103affc418c372ddcbe8d19d) Importer(815301076,1909f56bfc062723c751e8b465ee728b)  -> (artifact id: '69e7c10053a44e82330108c4f08bdab6') in 0.003267 seconds 
========================================================================
Received Prepare
Refreshing native plugins compatible for Editor in 10.69 ms, found 6 plugins.
Preloading 2 native plugins for Editor in 0.05 ms.
Unloading 41 Unused Serialized files (Serialized files now loaded: 0)
Unloading 41 unused Assets / (88.1 KB). Loaded Objects now: 4044.
Memory consumption went from 59.1 MB to 59.0 MB.
Total: 3.145700 ms (FindLiveObjects: 0.256600 ms CreateObjectMapping: 0.100100 ms MarkObjects: 2.684600 ms  DeleteObjects: 0.102900 ms)

AssetImportParameters requested are different than current active one (requested -> active):
  custom:video-decoder-ogg-theora: a1e56fd34408186e4bbccfd4996cb3dc -> 
  custom:container-muxer-webm: aa71ff27fc2769a1b78a27578f13a17b -> 
  custom:container-demuxer-webm: 4f35f7cbe854078d1ac9338744f61a02 -> 
  custom:video-encoder-webm-vp8: eb34c28f22e8b96e1ab97ce403110664 -> 
  custom:video-codec-MediaFoundation-h265: 746d11721c4dcdbdad8f713fa42b33f4 -> 
  custom:audio-encoder-webm-vorbis: bf7c407c2cedff20999df2af8eb42d56 -> 
  custom:framework-win-MediaFoundation: 216162199b28c13a410421893ffa2e32 -> 
  custom:container-demuxer-ogg: 62fdf1f143b41e24485cea50d1cbac27 -> 
  custom:video-decoder-webm-vp8: 9c59270c3fd7afecdb556c50c9e8de78 -> 
  custom:audio-decoder-ogg-vorbis: bf7c407c2cedff20999df2af8eb42d56 -> 
========================================================================
Received Import Request.
  Time since last request: 577.261175 seconds.
  path: Assets/Solar System Level/Scenes/McqScene.unity
  artifactKey: Guid(575367f0103affc418c372ddcbe8d19d) Importer(815301076,1909f56bfc062723c751e8b465ee728b)
Start importing Assets/Solar System Level/Scenes/McqScene.unity using Guid(575367f0103affc418c372ddcbe8d19d) Importer(815301076,1909f56bfc062723c751e8b465ee728b)  -> (artifact id: 'e71f884e96e2dc955bec14dc6a55598d') in 0.024038 seconds 
========================================================================
Received Import Request.
  Time since last request: 384.758033 seconds.
  path: Assets/Solar System Level/Scenes/McqScene.unity
  artifactKey: Guid(575367f0103affc418c372ddcbe8d19d) Importer(815301076,1909f56bfc062723c751e8b465ee728b)
Start importing Assets/Solar System Level/Scenes/McqScene.unity using Guid(575367f0103affc418c372ddcbe8d19d) Importer(815301076,1909f56bfc062723c751e8b465ee728b)  -> (artifact id: '8b4319ddfcf6ca09e4be72d36af54f54') in 0.003539 seconds 
========================================================================
Received Prepare
Refreshing native plugins compatible for Editor in 9.08 ms, found 6 plugins.
Preloading 2 native plugins for Editor in 0.08 ms.
Unloading 41 Unused Serialized files (Serialized files now loaded: 0)
Unloading 41 unused Assets / (89.2 KB). Loaded Objects now: 4044.
Memory consumption went from 59.1 MB to 59.0 MB.
Total: 5.018800 ms (FindLiveObjects: 0.347800 ms CreateObjectMapping: 0.296700 ms MarkObjects: 4.247100 ms  DeleteObjects: 0.126200 ms)

AssetImportParameters requested are different than current active one (requested -> active):
  custom:video-decoder-ogg-theora: a1e56fd34408186e4bbccfd4996cb3dc -> 
  custom:container-muxer-webm: aa71ff27fc2769a1b78a27578f13a17b -> 
  custom:container-demuxer-webm: 4f35f7cbe854078d1ac9338744f61a02 -> 
  custom:video-encoder-webm-vp8: eb34c28f22e8b96e1ab97ce403110664 -> 
  custom:video-codec-MediaFoundation-h265: 746d11721c4dcdbdad8f713fa42b33f4 -> 
  custom:audio-encoder-webm-vorbis: bf7c407c2cedff20999df2af8eb42d56 -> 
  custom:framework-win-MediaFoundation: 216162199b28c13a410421893ffa2e32 -> 
  custom:container-demuxer-ogg: 62fdf1f143b41e24485cea50d1cbac27 -> 
  custom:video-decoder-webm-vp8: 9c59270c3fd7afecdb556c50c9e8de78 -> 
  custom:audio-decoder-ogg-vorbis: bf7c407c2cedff20999df2af8eb42d56 -> 
========================================================================
Received Import Request.
  Time since last request: 399.955313 seconds.
  path: Assets/Solar System Level/Scenes/McqScene.unity
  artifactKey: Guid(575367f0103affc418c372ddcbe8d19d) Importer(815301076,1909f56bfc062723c751e8b465ee728b)
Start importing Assets/Solar System Level/Scenes/McqScene.unity using Guid(575367f0103affc418c372ddcbe8d19d) Importer(815301076,1909f56bfc062723c751e8b465ee728b)  -> (artifact id: '5131a219aaa5492355754fcde1835ec5') in 0.006528 seconds 
========================================================================
Received Import Request.
  Time since last request: 125.588585 seconds.
  path: Assets/Solar System Level/Scenes/McqScene.unity
  artifactKey: Guid(575367f0103affc418c372ddcbe8d19d) Importer(815301076,1909f56bfc062723c751e8b465ee728b)
Start importing Assets/Solar System Level/Scenes/McqScene.unity using Guid(575367f0103affc418c372ddcbe8d19d) Importer(815301076,1909f56bfc062723c751e8b465ee728b)  -> (artifact id: '907ff47dc0a33f9712798876eb494ee8') in 0.014021 seconds 
========================================================================
Received Prepare
Refreshing native plugins compatible for Editor in 5.76 ms, found 6 plugins.
Preloading 2 native plugins for Editor in 0.05 ms.
Unloading 41 Unused Serialized files (Serialized files now loaded: 0)
Unloading 41 unused Assets / (88.3 KB). Loaded Objects now: 4044.
Memory consumption went from 59.1 MB to 59.0 MB.
Total: 4.210500 ms (FindLiveObjects: 0.243800 ms CreateObjectMapping: 0.094400 ms MarkObjects: 3.768700 ms  DeleteObjects: 0.102500 ms)

AssetImportParameters requested are different than current active one (requested -> active):
  custom:video-decoder-ogg-theora: a1e56fd34408186e4bbccfd4996cb3dc -> 
  custom:container-muxer-webm: aa71ff27fc2769a1b78a27578f13a17b -> 
  custom:container-demuxer-webm: 4f35f7cbe854078d1ac9338744f61a02 -> 
  custom:video-encoder-webm-vp8: eb34c28f22e8b96e1ab97ce403110664 -> 
  custom:video-codec-MediaFoundation-h265: 746d11721c4dcdbdad8f713fa42b33f4 -> 
  custom:audio-encoder-webm-vorbis: bf7c407c2cedff20999df2af8eb42d56 -> 
  custom:framework-win-MediaFoundation: 216162199b28c13a410421893ffa2e32 -> 
  custom:container-demuxer-ogg: 62fdf1f143b41e24485cea50d1cbac27 -> 
  custom:video-decoder-webm-vp8: 9c59270c3fd7afecdb556c50c9e8de78 -> 
  custom:audio-decoder-ogg-vorbis: bf7c407c2cedff20999df2af8eb42d56 -> 
========================================================================
Received Import Request.
  Time since last request: 134.848522 seconds.
  path: Assets/Solar System Level/resonateLogo.png
  artifactKey: Guid(8b11c904a8298334db5af0209bc4e6c3) Importer(815301076,1909f56bfc062723c751e8b465ee728b)
Start importing Assets/Solar System Level/resonateLogo.png using Guid(8b11c904a8298334db5af0209bc4e6c3) Importer(815301076,1909f56bfc062723c751e8b465ee728b)  -> (artifact id: 'cca0954fa8bf66c1dad1892318ac846a') in 0.076548 seconds 
========================================================================
Received Import Request.
  Time since last request: 9.020042 seconds.
  path: Assets/Solar System Level/resonateLogo.png
  artifactKey: Guid(8b11c904a8298334db5af0209bc4e6c3) Importer(815301076,1909f56bfc062723c751e8b465ee728b)
Start importing Assets/Solar System Level/resonateLogo.png using Guid(8b11c904a8298334db5af0209bc4e6c3) Importer(815301076,1909f56bfc062723c751e8b465ee728b)  -> (artifact id: '80fc4ae97a78230a1a5fd49f633842bc') in 0.051716 seconds 
========================================================================
Received Prepare
Refreshing native plugins compatible for Editor in 6.16 ms, found 6 plugins.
Preloading 2 native plugins for Editor in 0.05 ms.
Unloading 41 Unused Serialized files (Serialized files now loaded: 0)
Unloading 41 unused Assets / (88.2 KB). Loaded Objects now: 4051.
Memory consumption went from 59.4 MB to 59.3 MB.
Total: 2.737100 ms (FindLiveObjects: 0.231200 ms CreateObjectMapping: 0.094600 ms MarkObjects: 2.290600 ms  DeleteObjects: 0.119300 ms)

AssetImportParameters requested are different than current active one (requested -> active):
  custom:video-decoder-ogg-theora: a1e56fd34408186e4bbccfd4996cb3dc -> 
  custom:container-muxer-webm: aa71ff27fc2769a1b78a27578f13a17b -> 
  custom:container-demuxer-webm: 4f35f7cbe854078d1ac9338744f61a02 -> 
  custom:video-encoder-webm-vp8: eb34c28f22e8b96e1ab97ce403110664 -> 
  custom:video-codec-MediaFoundation-h265: 746d11721c4dcdbdad8f713fa42b33f4 -> 
  custom:audio-encoder-webm-vorbis: bf7c407c2cedff20999df2af8eb42d56 -> 
  custom:framework-win-MediaFoundation: 216162199b28c13a410421893ffa2e32 -> 
  custom:container-demuxer-ogg: 62fdf1f143b41e24485cea50d1cbac27 -> 
  custom:video-decoder-webm-vp8: 9c59270c3fd7afecdb556c50c9e8de78 -> 
  custom:audio-decoder-ogg-vorbis: bf7c407c2cedff20999df2af8eb42d56 -> 
========================================================================
Received Import Request.
  Time since last request: 307.167728 seconds.
  path: Assets/Resources
  artifactKey: Guid(95582b7095d03154886a35ee408ce8e3) Importer(815301076,1909f56bfc062723c751e8b465ee728b)
Start importing Assets/Resources using Guid(95582b7095d03154886a35ee408ce8e3) Importer(815301076,1909f56bfc062723c751e8b465ee728b)  -> (artifact id: '1591fc2ec081e2d09bb7e6a833370fd9') in 0.009874 seconds 
========================================================================
Received Import Request.
  Time since last request: 0.071857 seconds.
  path: Assets/Resources/VuforiaConfiguration.asset
  artifactKey: Guid(8083e5ca404df18439c9e713bd66e632) Importer(815301076,1909f56bfc062723c751e8b465ee728b)
Start importing Assets/Resources/VuforiaConfiguration.asset using Guid(8083e5ca404df18439c9e713bd66e632) Importer(815301076,1909f56bfc062723c751e8b465ee728b)  -> (artifact id: '5e2fed9968506cc0266a1b4286f3c723') in 0.020846 seconds 
========================================================================
Received Prepare
Refreshing native plugins compatible for Editor in 5.54 ms, found 6 plugins.
Preloading 2 native plugins for Editor in 0.05 ms.
Unloading 41 Unused Serialized files (Serialized files now loaded: 0)
Unloading 41 unused Assets / (89.3 KB). Loaded Objects now: 4051.
Memory consumption went from 59.4 MB to 59.3 MB.
Total: 4.237200 ms (FindLiveObjects: 0.239500 ms CreateObjectMapping: 0.104200 ms MarkObjects: 3.798000 ms  DeleteObjects: 0.094400 ms)

AssetImportParameters requested are different than current active one (requested -> active):
  custom:video-decoder-ogg-theora: a1e56fd34408186e4bbccfd4996cb3dc -> 
  custom:container-muxer-webm: aa71ff27fc2769a1b78a27578f13a17b -> 
  custom:container-demuxer-webm: 4f35f7cbe854078d1ac9338744f61a02 -> 
  custom:video-encoder-webm-vp8: eb34c28f22e8b96e1ab97ce403110664 -> 
  custom:video-codec-MediaFoundation-h265: 746d11721c4dcdbdad8f713fa42b33f4 -> 
  custom:audio-encoder-webm-vorbis: bf7c407c2cedff20999df2af8eb42d56 -> 
  custom:framework-win-MediaFoundation: 216162199b28c13a410421893ffa2e32 -> 
  custom:container-demuxer-ogg: 62fdf1f143b41e24485cea50d1cbac27 -> 
  custom:video-decoder-webm-vp8: 9c59270c3fd7afecdb556c50c9e8de78 -> 
  custom:audio-decoder-ogg-vorbis: bf7c407c2cedff20999df2af8eb42d56 -> 
